#
# There is insufficient memory for the Java Runtime Environment to continue.
# Native memory allocation (malloc) failed to allocate 1267216 bytes for Chunk::new
# Possible reasons:
#   The system is out of physical RAM or swap space
#   The process is running with CompressedOops enabled, and the Java Heap may be blocking the growth of the native heap
# Possible solutions:
#   Reduce memory load on the system
#   Increase physical memory or swap space
#   Check if swap backing store is full
#   Decrease Java heap size (-Xmx/-Xms)
#   Decrease number of Java threads
#   Decrease Java thread stack sizes (-Xss)
#   Set larger code cache with -XX:ReservedCodeCacheSize=
#   JVM is running with Unscaled Compressed Oops mode in which the Java heap is
#     placed in the first 4GB address space. The Java Heap base address is the
#     maximum limit for the native heap growth. Please use -XX:HeapBaseMinAddress
#     to set the Java Heap base and to place the Java Heap above 4GB virtual address.
# This output file may be truncated or incomplete.
#
#  Out of Memory Error (arena.cpp:189), pid=1372, tid=13020
#
# JRE version: OpenJDK Runtime Environment (17.0.7+7) (build 17.0.7+7-LTS)
# Java VM: OpenJDK 64-Bit Server VM (17.0.7+7-LTS, mixed mode, sharing, tiered, compressed oops, compressed class ptrs, g1 gc, windows-amd64)
# No core dump will be written. Minidumps are not enabled by default on client versions of Windows
#

---------------  S U M M A R Y ------------

Command Line: -Dfile.encoding=UTF-8 --module-path=C:\Users\MINEDUCYT\Desktop\Mio\apps\VersusTournament\build\classes ventanas.Inicio

Host: Intel(R) Celeron(R) N4120 CPU @ 1.10GHz, 4 cores, 3G,  Windows 10 , 64 bit Build 19041 (10.0.19041.3636)
Time: Fri Jun 21 22:33:48 2024 Hora estándar, América Central elapsed time: 12.768075 seconds (0d 0h 0m 12s)

---------------  T H R E A D  ---------------

Current thread (0x000001e47f552d40):  JavaThread "C2 CompilerThread0" daemon [_thread_in_native, id=13020, stack(0x00000070a6900000,0x00000070a6a00000)]


Current CompileTask:
C2:  12768 1730 %     4       sun.java2d.marlin.Renderer::_endRendering @ 784 (2480 bytes)

Stack: [0x00000070a6900000,0x00000070a6a00000]
Native frames: (J=compiled Java code, j=interpreted, Vv=VM code, C=native code)
V  [jvm.dll+0x64b0fa]
V  [jvm.dll+0x7fe974]
V  [jvm.dll+0x80012e]
V  [jvm.dll+0x800783]
V  [jvm.dll+0x23682b]
V  [jvm.dll+0xbd2bc]
V  [jvm.dll+0xbd89c]
V  [jvm.dll+0x350937]
V  [jvm.dll+0x1b1510]
V  [jvm.dll+0x20abdf]
V  [jvm.dll+0x20a087]
V  [jvm.dll+0x19a07d]
V  [jvm.dll+0x21947d]
V  [jvm.dll+0x2176c4]
V  [jvm.dll+0x7b78ab]
V  [jvm.dll+0x7b1e5a]
V  [jvm.dll+0x649f65]
C  [ucrtbase.dll+0x21bb2]
C  [KERNEL32.DLL+0x17344]
C  [ntdll.dll+0x4cc91]


---------------  P R O C E S S  ---------------

Threads class SMR info:
_java_thread_list=0x000001e418951ee0, length=17, elements={
0x000001e4770d9110, 0x000001e4770db530, 0x000001e4770eca40, 0x000001e4770ed3f0,
0x000001e4770edda0, 0x000001e47f54dfb0, 0x000001e47f552d40, 0x000001e47f5583a0,
0x000001e47f56f590, 0x000001e47f62e960, 0x000001e4170a0130, 0x000001e417289020,
0x000001e41728d500, 0x000001e4172959e0, 0x000001e4172d0980, 0x000001e47701b570,
0x000001e41895b060
}

Java Threads: ( => current thread )
  0x000001e4770d9110 JavaThread "Reference Handler" daemon [_thread_blocked, id=1312, stack(0x00000070a6300000,0x00000070a6400000)]
  0x000001e4770db530 JavaThread "Finalizer" daemon [_thread_blocked, id=13488, stack(0x00000070a6400000,0x00000070a6500000)]
  0x000001e4770eca40 JavaThread "Signal Dispatcher" daemon [_thread_blocked, id=8244, stack(0x00000070a6500000,0x00000070a6600000)]
  0x000001e4770ed3f0 JavaThread "Attach Listener" daemon [_thread_blocked, id=13392, stack(0x00000070a6600000,0x00000070a6700000)]
  0x000001e4770edda0 JavaThread "Service Thread" daemon [_thread_blocked, id=14312, stack(0x00000070a6700000,0x00000070a6800000)]
  0x000001e47f54dfb0 JavaThread "Monitor Deflation Thread" daemon [_thread_blocked, id=9048, stack(0x00000070a6800000,0x00000070a6900000)]
=>0x000001e47f552d40 JavaThread "C2 CompilerThread0" daemon [_thread_in_native, id=13020, stack(0x00000070a6900000,0x00000070a6a00000)]
  0x000001e47f5583a0 JavaThread "C1 CompilerThread0" daemon [_thread_blocked, id=8612, stack(0x00000070a6a00000,0x00000070a6b00000)]
  0x000001e47f56f590 JavaThread "Sweeper thread" daemon [_thread_blocked, id=9912, stack(0x00000070a6b00000,0x00000070a6c00000)]
  0x000001e47f62e960 JavaThread "Common-Cleaner" daemon [_thread_blocked, id=5764, stack(0x00000070a6c00000,0x00000070a6d00000)]
  0x000001e4170a0130 JavaThread "Notification Thread" daemon [_thread_blocked, id=8096, stack(0x00000070a6d00000,0x00000070a6e00000)]
  0x000001e417289020 JavaThread "Java2D Disposer" daemon [_thread_blocked, id=14212, stack(0x00000070a6f00000,0x00000070a7000000)]
  0x000001e41728d500 JavaThread "AWT-Shutdown" [_thread_blocked, id=13688, stack(0x00000070a7000000,0x00000070a7100000)]
  0x000001e4172959e0 JavaThread "AWT-Windows" daemon [_thread_in_native, id=14216, stack(0x00000070a7100000,0x00000070a7200000)]
  0x000001e4172d0980 JavaThread "AWT-EventQueue-0" [_thread_in_Java, id=14184, stack(0x00000070a7200000,0x00000070a7300000)]
  0x000001e47701b570 JavaThread "DestroyJavaVM" [_thread_blocked, id=10224, stack(0x00000070a5c00000,0x00000070a5d00000)]
  0x000001e41895b060 JavaThread "TimerQueue" daemon [_thread_blocked, id=14180, stack(0x00000070a7600000,0x00000070a7700000)]

Other Threads:
  0x000001e4770d4030 VMThread "VM Thread" [stack: 0x00000070a6200000,0x00000070a6300000] [id=13436]
  0x000001e4170c1500 WatcherThread [stack: 0x00000070a6e00000,0x00000070a6f00000] [id=14196]
  0x000001e477059520 GCTaskThread "GC Thread#0" [stack: 0x00000070a5d00000,0x00000070a5e00000] [id=3440]
  0x000001e4184dfbb0 GCTaskThread "GC Thread#1" [stack: 0x00000070a7700000,0x00000070a7800000] [id=14188]
  0x000001e47f5daee0 GCTaskThread "GC Thread#2" [stack: 0x00000070a7800000,0x00000070a7900000] [id=11820]
  0x000001e47f5db190 GCTaskThread "GC Thread#3" [stack: 0x00000070a7900000,0x00000070a7a00000] [id=6300]
  0x000001e477061de0 ConcurrentGCThread "G1 Main Marker" [stack: 0x00000070a5e00000,0x00000070a5f00000] [id=10724]
  0x000001e477062f30 ConcurrentGCThread "G1 Conc#0" [stack: 0x00000070a5f00000,0x00000070a6000000] [id=7676]
  0x000001e47709ece0 ConcurrentGCThread "G1 Refine#0" [stack: 0x00000070a6000000,0x00000070a6100000] [id=9664]
  0x000001e47709f610 ConcurrentGCThread "G1 Service" [stack: 0x00000070a6100000,0x00000070a6200000] [id=12568]

Threads with active compile tasks:
C2 CompilerThread0    12818 1730 %     4       sun.java2d.marlin.Renderer::_endRendering @ 784 (2480 bytes)

VM state: not at safepoint (normal execution)

VM Mutex/Monitor currently owned by a thread: None

Heap address: 0x00000000c2c00000, size: 980 MB, Compressed Oops mode: 32-bit

CDS archive(s) mapped at: [0x0000000800000000-0x0000000800bc0000-0x0000000800bc0000), size 12320768, SharedBaseAddress: 0x0000000800000000, ArchiveRelocationMode: 0.
Compressed class space mapped at: 0x0000000801000000-0x0000000841000000, reserved size: 1073741824
Narrow klass base: 0x0000000800000000, Narrow klass shift: 0, Narrow klass range: 0x100000000

GC Precious Log:
 CPUs: 4 total, 4 available
 Memory: 3917M
 Large Page Support: Disabled
 NUMA Support: Disabled
 Compressed Oops: Enabled (32-bit)
 Heap Region Size: 1M
 Heap Min Capacity: 8M
 Heap Initial Capacity: 62M
 Heap Max Capacity: 980M
 Pre-touch: Disabled
 Parallel Workers: 4
 Concurrent Workers: 1
 Concurrent Refinement Workers: 4
 Periodic GC: Disabled

Heap:
 garbage-first heap   total 63488K, used 15171K [0x00000000c2c00000, 0x0000000100000000)
  region size 1024K, 13 young (13312K), 2 survivors (2048K)
 Metaspace       used 11192K, committed 11456K, reserved 1114112K
  class space    used 1289K, committed 1408K, reserved 1048576K

Heap Regions: E=young(eden), S=young(survivor), O=old, HS=humongous(starts), HC=humongous(continues), CS=collection set, F=free, OA=open archive, CA=closed archive, TAMS=top-at-mark-start (previous, next)
|   0|0x00000000c2c00000, 0x00000000c2d00000, 0x00000000c2d00000|100%|HS|  |TAMS 0x00000000c2c00000, 0x00000000c2c00000| Complete 
|   1|0x00000000c2d00000, 0x00000000c2dd0c00, 0x00000000c2e00000| 81%| O|  |TAMS 0x00000000c2d00000, 0x00000000c2d00000| Untracked 
|   2|0x00000000c2e00000, 0x00000000c2f00000, 0x00000000c2f00000|100%|HS|  |TAMS 0x00000000c2e00000, 0x00000000c2e00000| Complete 
|   3|0x00000000c2f00000, 0x00000000c3000000, 0x00000000c3000000|100%|HC|  |TAMS 0x00000000c2f00000, 0x00000000c2f00000| Complete 
|   4|0x00000000c3000000, 0x00000000c3000000, 0x00000000c3100000|  0%| F|  |TAMS 0x00000000c3000000, 0x00000000c3000000| Untracked 
|   5|0x00000000c3100000, 0x00000000c3100000, 0x00000000c3200000|  0%| F|  |TAMS 0x00000000c3100000, 0x00000000c3100000| Untracked 
|   6|0x00000000c3200000, 0x00000000c3200000, 0x00000000c3300000|  0%| F|  |TAMS 0x00000000c3200000, 0x00000000c3200000| Untracked 
|   7|0x00000000c3300000, 0x00000000c3300000, 0x00000000c3400000|  0%| F|  |TAMS 0x00000000c3300000, 0x00000000c3300000| Untracked 
|   8|0x00000000c3400000, 0x00000000c3400000, 0x00000000c3500000|  0%| F|  |TAMS 0x00000000c3400000, 0x00000000c3400000| Untracked 
|   9|0x00000000c3500000, 0x00000000c3500000, 0x00000000c3600000|  0%| F|  |TAMS 0x00000000c3500000, 0x00000000c3500000| Untracked 
|  10|0x00000000c3600000, 0x00000000c3600000, 0x00000000c3700000|  0%| F|  |TAMS 0x00000000c3600000, 0x00000000c3600000| Untracked 
|  11|0x00000000c3700000, 0x00000000c3700000, 0x00000000c3800000|  0%| F|  |TAMS 0x00000000c3700000, 0x00000000c3700000| Untracked 
|  12|0x00000000c3800000, 0x00000000c3800000, 0x00000000c3900000|  0%| F|  |TAMS 0x00000000c3800000, 0x00000000c3800000| Untracked 
|  13|0x00000000c3900000, 0x00000000c3900000, 0x00000000c3a00000|  0%| F|  |TAMS 0x00000000c3900000, 0x00000000c3900000| Untracked 
|  14|0x00000000c3a00000, 0x00000000c3a00000, 0x00000000c3b00000|  0%| F|  |TAMS 0x00000000c3a00000, 0x00000000c3a00000| Untracked 
|  15|0x00000000c3b00000, 0x00000000c3b00000, 0x00000000c3c00000|  0%| F|  |TAMS 0x00000000c3b00000, 0x00000000c3b00000| Untracked 
|  16|0x00000000c3c00000, 0x00000000c3c00000, 0x00000000c3d00000|  0%| F|  |TAMS 0x00000000c3c00000, 0x00000000c3c00000| Untracked 
|  17|0x00000000c3d00000, 0x00000000c3d00000, 0x00000000c3e00000|  0%| F|  |TAMS 0x00000000c3d00000, 0x00000000c3d00000| Untracked 
|  18|0x00000000c3e00000, 0x00000000c3e00000, 0x00000000c3f00000|  0%| F|  |TAMS 0x00000000c3e00000, 0x00000000c3e00000| Untracked 
|  19|0x00000000c3f00000, 0x00000000c3f00000, 0x00000000c4000000|  0%| F|  |TAMS 0x00000000c3f00000, 0x00000000c3f00000| Untracked 
|  20|0x00000000c4000000, 0x00000000c4000000, 0x00000000c4100000|  0%| F|  |TAMS 0x00000000c4000000, 0x00000000c4000000| Untracked 
|  21|0x00000000c4100000, 0x00000000c4100000, 0x00000000c4200000|  0%| F|  |TAMS 0x00000000c4100000, 0x00000000c4100000| Untracked 
|  22|0x00000000c4200000, 0x00000000c4200000, 0x00000000c4300000|  0%| F|  |TAMS 0x00000000c4200000, 0x00000000c4200000| Untracked 
|  23|0x00000000c4300000, 0x00000000c4300000, 0x00000000c4400000|  0%| F|  |TAMS 0x00000000c4300000, 0x00000000c4300000| Untracked 
|  24|0x00000000c4400000, 0x00000000c4400000, 0x00000000c4500000|  0%| F|  |TAMS 0x00000000c4400000, 0x00000000c4400000| Untracked 
|  25|0x00000000c4500000, 0x00000000c4500000, 0x00000000c4600000|  0%| F|  |TAMS 0x00000000c4500000, 0x00000000c4500000| Untracked 
|  26|0x00000000c4600000, 0x00000000c4600000, 0x00000000c4700000|  0%| F|  |TAMS 0x00000000c4600000, 0x00000000c4600000| Untracked 
|  27|0x00000000c4700000, 0x00000000c4700000, 0x00000000c4800000|  0%| F|  |TAMS 0x00000000c4700000, 0x00000000c4700000| Untracked 
|  28|0x00000000c4800000, 0x00000000c4800000, 0x00000000c4900000|  0%| F|  |TAMS 0x00000000c4800000, 0x00000000c4800000| Untracked 
|  29|0x00000000c4900000, 0x00000000c4900000, 0x00000000c4a00000|  0%| F|  |TAMS 0x00000000c4900000, 0x00000000c4900000| Untracked 
|  30|0x00000000c4a00000, 0x00000000c4a00000, 0x00000000c4b00000|  0%| F|  |TAMS 0x00000000c4a00000, 0x00000000c4a00000| Untracked 
|  31|0x00000000c4b00000, 0x00000000c4b00000, 0x00000000c4c00000|  0%| F|  |TAMS 0x00000000c4b00000, 0x00000000c4b00000| Untracked 
|  32|0x00000000c4c00000, 0x00000000c4c00000, 0x00000000c4d00000|  0%| F|  |TAMS 0x00000000c4c00000, 0x00000000c4c00000| Untracked 
|  33|0x00000000c4d00000, 0x00000000c4d00000, 0x00000000c4e00000|  0%| F|  |TAMS 0x00000000c4d00000, 0x00000000c4d00000| Untracked 
|  34|0x00000000c4e00000, 0x00000000c4e00000, 0x00000000c4f00000|  0%| F|  |TAMS 0x00000000c4e00000, 0x00000000c4e00000| Untracked 
|  35|0x00000000c4f00000, 0x00000000c4f00000, 0x00000000c5000000|  0%| F|  |TAMS 0x00000000c4f00000, 0x00000000c4f00000| Untracked 
|  36|0x00000000c5000000, 0x00000000c5000000, 0x00000000c5100000|  0%| F|  |TAMS 0x00000000c5000000, 0x00000000c5000000| Untracked 
|  37|0x00000000c5100000, 0x00000000c5100000, 0x00000000c5200000|  0%| F|  |TAMS 0x00000000c5100000, 0x00000000c5100000| Untracked 
|  38|0x00000000c5200000, 0x00000000c5200000, 0x00000000c5300000|  0%| F|  |TAMS 0x00000000c5200000, 0x00000000c5200000| Untracked 
|  39|0x00000000c5300000, 0x00000000c5300000, 0x00000000c5400000|  0%| F|  |TAMS 0x00000000c5300000, 0x00000000c5300000| Untracked 
|  40|0x00000000c5400000, 0x00000000c5400000, 0x00000000c5500000|  0%| F|  |TAMS 0x00000000c5400000, 0x00000000c5400000| Untracked 
|  41|0x00000000c5500000, 0x00000000c5500000, 0x00000000c5600000|  0%| F|  |TAMS 0x00000000c5500000, 0x00000000c5500000| Untracked 
|  42|0x00000000c5600000, 0x00000000c5600000, 0x00000000c5700000|  0%| F|  |TAMS 0x00000000c5600000, 0x00000000c5600000| Untracked 
|  43|0x00000000c5700000, 0x00000000c5700000, 0x00000000c5800000|  0%| F|  |TAMS 0x00000000c5700000, 0x00000000c5700000| Untracked 
|  44|0x00000000c5800000, 0x00000000c5800000, 0x00000000c5900000|  0%| F|  |TAMS 0x00000000c5800000, 0x00000000c5800000| Untracked 
|  45|0x00000000c5900000, 0x00000000c5900000, 0x00000000c5a00000|  0%| F|  |TAMS 0x00000000c5900000, 0x00000000c5900000| Untracked 
|  46|0x00000000c5a00000, 0x00000000c5a00000, 0x00000000c5b00000|  0%| F|  |TAMS 0x00000000c5a00000, 0x00000000c5a00000| Untracked 
|  47|0x00000000c5b00000, 0x00000000c5c00000, 0x00000000c5c00000|100%| S|CS|TAMS 0x00000000c5b00000, 0x00000000c5b00000| Complete 
|  48|0x00000000c5c00000, 0x00000000c5d00000, 0x00000000c5d00000|100%| S|CS|TAMS 0x00000000c5c00000, 0x00000000c5c00000| Complete 
|  49|0x00000000c5d00000, 0x00000000c5d00000, 0x00000000c5e00000|  0%| F|  |TAMS 0x00000000c5d00000, 0x00000000c5d00000| Untracked 
|  50|0x00000000c5e00000, 0x00000000c5e00000, 0x00000000c5f00000|  0%| F|  |TAMS 0x00000000c5e00000, 0x00000000c5e00000| Untracked 
|  51|0x00000000c5f00000, 0x00000000c5f833f8, 0x00000000c6000000| 51%| E|  |TAMS 0x00000000c5f00000, 0x00000000c5f00000| Complete 
|  52|0x00000000c6000000, 0x00000000c6100000, 0x00000000c6100000|100%| E|CS|TAMS 0x00000000c6000000, 0x00000000c6000000| Complete 
|  53|0x00000000c6100000, 0x00000000c6200000, 0x00000000c6200000|100%| E|CS|TAMS 0x00000000c6100000, 0x00000000c6100000| Complete 
|  54|0x00000000c6200000, 0x00000000c6300000, 0x00000000c6300000|100%| E|CS|TAMS 0x00000000c6200000, 0x00000000c6200000| Complete 
|  55|0x00000000c6300000, 0x00000000c6400000, 0x00000000c6400000|100%| E|CS|TAMS 0x00000000c6300000, 0x00000000c6300000| Complete 
|  56|0x00000000c6400000, 0x00000000c6500000, 0x00000000c6500000|100%| E|CS|TAMS 0x00000000c6400000, 0x00000000c6400000| Complete 
|  57|0x00000000c6500000, 0x00000000c6600000, 0x00000000c6600000|100%| E|CS|TAMS 0x00000000c6500000, 0x00000000c6500000| Complete 
|  58|0x00000000c6600000, 0x00000000c6700000, 0x00000000c6700000|100%| E|CS|TAMS 0x00000000c6600000, 0x00000000c6600000| Complete 
|  59|0x00000000c6700000, 0x00000000c6800000, 0x00000000c6800000|100%| E|CS|TAMS 0x00000000c6700000, 0x00000000c6700000| Complete 
|  60|0x00000000c6800000, 0x00000000c6900000, 0x00000000c6900000|100%| E|  |TAMS 0x00000000c6800000, 0x00000000c6800000| Complete 
|  61|0x00000000c6900000, 0x00000000c6a00000, 0x00000000c6a00000|100%| E|CS|TAMS 0x00000000c6900000, 0x00000000c6900000| Complete 

Card table byte_map: [0x000001e47ed20000,0x000001e47ef10000] _byte_map_base: 0x000001e47e70a000

Marking Bits (Prev, Next): (CMBitMap*) 0x000001e477059a30, (CMBitMap*) 0x000001e477059a70
 Prev Bits: [0x000001e40f000000, 0x000001e40ff50000)
 Next Bits: [0x000001e40ff50000, 0x000001e410ea0000)

Polling page: 0x000001e474fa0000

Metaspace:

Usage:
  Non-class:      9.67 MB used.
      Class:      1.26 MB used.
       Both:     10.93 MB used.

Virtual space:
  Non-class space:       64.00 MB reserved,       9.81 MB ( 15%) committed,  1 nodes.
      Class space:        1.00 GB reserved,       1.38 MB ( <1%) committed,  1 nodes.
             Both:        1.06 GB reserved,      11.19 MB (  1%) committed. 

Chunk freelists:
   Non-Class:  5.98 MB
       Class:  14.60 MB
        Both:  20.58 MB

MaxMetaspaceSize: unlimited
CompressedClassSpaceSize: 1.00 GB
Initial GC threshold: 21.00 MB
Current GC threshold: 21.00 MB
CDS: on
MetaspaceReclaimPolicy: balanced
 - commit_granule_bytes: 65536.
 - commit_granule_words: 8192.
 - virtual_space_node_default_size: 8388608.
 - enlarge_chunks_in_place: 1.
 - new_chunks_are_fully_committed: 0.
 - uncommit_free_chunks: 1.
 - use_allocation_guard: 0.
 - handle_deallocations: 1.


Internal statistics:

num_allocs_failed_limit: 0.
num_arena_births: 124.
num_arena_deaths: 0.
num_vsnodes_births: 2.
num_vsnodes_deaths: 0.
num_space_committed: 179.
num_space_uncommitted: 0.
num_chunks_returned_to_freelist: 0.
num_chunks_taken_from_freelist: 184.
num_chunk_merges: 0.
num_chunk_splits: 99.
num_chunks_enlarged: 33.
num_inconsistent_stats: 0.

CodeHeap 'non-profiled nmethods': size=120000Kb used=546Kb max_used=546Kb free=119453Kb
 bounds [0x000001e407ad0000, 0x000001e407d40000, 0x000001e40f000000]
CodeHeap 'profiled nmethods': size=120000Kb used=3628Kb max_used=3628Kb free=116372Kb
 bounds [0x000001e400000000, 0x000001e400390000, 0x000001e407530000]
CodeHeap 'non-nmethods': size=5760Kb used=1307Kb max_used=1339Kb free=4452Kb
 bounds [0x000001e407530000, 0x000001e4077a0000, 0x000001e407ad0000]
 total_blobs=2516 nmethods=1877 adapters=552
 compilation: enabled
              stopped_count=0, restarted_count=0
 full_count=0

Compilation events (20 events):
Event: 12.753 Thread 0x000001e47f5583a0 1838       3       java.awt.geom.Rectangle2D$Float::getBounds2D (24 bytes)
Event: 12.754 Thread 0x000001e47f5583a0 nmethod 1838 0x000001e40036f090 code [0x000001e40036f240, 0x000001e40036f408]
Event: 12.754 Thread 0x000001e47f5583a0 1839   !   3       sun.java2d.pipe.AAShapePipe::fillParallelogram (99 bytes)
Event: 12.755 Thread 0x000001e47f5583a0 nmethod 1839 0x000001e40036f510 code [0x000001e40036f780, 0x000001e400370168]
Event: 12.755 Thread 0x000001e47f5583a0 1840   !   3       sun.java2d.marlin.DMarlinRenderingEngine::getAATileGenerator (423 bytes)
Event: 12.757 Thread 0x000001e47f5583a0 nmethod 1840 0x000001e400370810 code [0x000001e400370b80, 0x000001e400371d08]
Event: 12.757 Thread 0x000001e47f5583a0 1841       1       javax.swing.plaf.basic.BasicTextUI$RootView::getViewCount (2 bytes)
Event: 12.757 Thread 0x000001e47f5583a0 nmethod 1841 0x000001e407b56a90 code [0x000001e407b56c20, 0x000001e407b56cf8]
Event: 12.757 Thread 0x000001e47f5583a0 1842       1       javax.swing.text.DefaultCaret::isSelectionVisible (5 bytes)
Event: 12.758 Thread 0x000001e47f5583a0 nmethod 1842 0x000001e407b56d90 code [0x000001e407b56f20, 0x000001e407b56ff8]
Event: 12.758 Thread 0x000001e47f5583a0 1843       1       javax.swing.text.DefaultCaret::isVisible (5 bytes)
Event: 12.758 Thread 0x000001e47f5583a0 nmethod 1843 0x000001e407b57090 code [0x000001e407b57220, 0x000001e407b572f8]
Event: 12.758 Thread 0x000001e47f5583a0 1844       3       javax.swing.plaf.nimbus.TextFieldPainter::doPaint (94 bytes)
Event: 12.759 Thread 0x000001e47f5583a0 nmethod 1844 0x000001e400372710 code [0x000001e4003729c0, 0x000001e400373398]
Event: 12.759 Thread 0x000001e47f5583a0 1845       3       sun.java2d.SunGraphics2D::intersectShapes (76 bytes)
Event: 12.760 Thread 0x000001e47f5583a0 nmethod 1845 0x000001e400373710 code [0x000001e400373940, 0x000001e4003744f8]
Event: 12.761 Thread 0x000001e47f5583a0 1846       3       sun.java2d.SunGraphics2D::clip (35 bytes)
Event: 12.761 Thread 0x000001e47f5583a0 nmethod 1846 0x000001e400374690 code [0x000001e400374860, 0x000001e400374ac8]
Event: 12.761 Thread 0x000001e47f5583a0 1847       3       java.awt.Font::<init> (56 bytes)
Event: 12.762 Thread 0x000001e47f5583a0 nmethod 1847 0x000001e400374b90 code [0x000001e400374d40, 0x000001e400374fd8]

GC Heap History (2 events):
Event: 12.506 GC heap before
{Heap before GC invocations=0 (full 0):
 garbage-first heap   total 63488K, used 14336K [0x00000000c2c00000, 0x0000000100000000)
  region size 1024K, 13 young (13312K), 0 survivors (0K)
 Metaspace       used 10975K, committed 11200K, reserved 1114112K
  class space    used 1288K, committed 1408K, reserved 1048576K
}
Event: 12.514 GC heap after
{Heap after GC invocations=1 (full 0):
 garbage-first heap   total 63488K, used 3907K [0x00000000c2c00000, 0x0000000100000000)
  region size 1024K, 2 young (2048K), 2 survivors (2048K)
 Metaspace       used 10975K, committed 11200K, reserved 1114112K
  class space    used 1288K, committed 1408K, reserved 1048576K
}

Dll operation events (9 events):
Event: 0.014 Loaded shared library C:\Program Files\BellSoft\LibericaJDK-17\bin\java.dll
Event: 0.031 Loaded shared library C:\Program Files\BellSoft\LibericaJDK-17\bin\jsvml.dll
Event: 0.125 Loaded shared library C:\Program Files\BellSoft\LibericaJDK-17\bin\net.dll
Event: 0.129 Loaded shared library C:\Program Files\BellSoft\LibericaJDK-17\bin\nio.dll
Event: 0.167 Loaded shared library C:\Program Files\BellSoft\LibericaJDK-17\bin\zip.dll
Event: 0.194 Loaded shared library C:\Program Files\BellSoft\LibericaJDK-17\bin\jimage.dll
Event: 0.227 Loaded shared library C:\Program Files\BellSoft\LibericaJDK-17\bin\awt.dll
Event: 0.602 Loaded shared library C:\Program Files\BellSoft\LibericaJDK-17\bin\freetype.dll
Event: 0.605 Loaded shared library C:\Program Files\BellSoft\LibericaJDK-17\bin\fontmanager.dll

Deoptimization events (20 events):
Event: 10.130 Thread 0x000001e4172d0980 Uncommon trap: trap_request=0xffffffbe fr.pc=0x000001e407b2eb90 relative=0x00000000000008b0
Event: 10.130 Thread 0x000001e4172d0980 Uncommon trap: reason=profile_predicate action=maybe_recompile pc=0x000001e407b2eb90 method=java.awt.LinearGradientPaintContext.fillRaster([IIIIIII)V @ 50 c2
Event: 10.130 Thread 0x000001e4172d0980 DEOPT PACKING pc=0x000001e407b2eb90 sp=0x00000070a72fd040
Event: 10.130 Thread 0x000001e4172d0980 DEOPT UNPACKING pc=0x000001e40758699d sp=0x00000070a72fcff8 mode 2
Event: 10.130 Thread 0x000001e4172d0980 Uncommon trap: trap_request=0xffffffbe fr.pc=0x000001e407b35770 relative=0x0000000000000690
Event: 10.130 Thread 0x000001e4172d0980 Uncommon trap: reason=profile_predicate action=maybe_recompile pc=0x000001e407b35770 method=java.awt.LinearGradientPaintContext.fillRaster([IIIIIII)V @ 53 c2
Event: 10.130 Thread 0x000001e4172d0980 DEOPT PACKING pc=0x000001e407b35770 sp=0x00000070a72fd070
Event: 10.130 Thread 0x000001e4172d0980 DEOPT UNPACKING pc=0x000001e40758699d sp=0x00000070a72fcfe8 mode 2
Event: 10.130 Thread 0x000001e4172d0980 Uncommon trap: trap_request=0xffffffbe fr.pc=0x000001e407b2eb90 relative=0x00000000000008b0
Event: 10.130 Thread 0x000001e4172d0980 Uncommon trap: reason=profile_predicate action=maybe_recompile pc=0x000001e407b2eb90 method=java.awt.LinearGradientPaintContext.fillRaster([IIIIIII)V @ 50 c2
Event: 10.130 Thread 0x000001e4172d0980 DEOPT PACKING pc=0x000001e407b2eb90 sp=0x00000070a72fd040
Event: 10.130 Thread 0x000001e4172d0980 DEOPT UNPACKING pc=0x000001e40758699d sp=0x00000070a72fcff8 mode 2
Event: 10.696 Thread 0x000001e4172d0980 DEOPT PACKING pc=0x000001e4001ee209 sp=0x00000070a72fcf30
Event: 10.696 Thread 0x000001e4172d0980 DEOPT UNPACKING pc=0x000001e407587124 sp=0x00000070a72fc2b8 mode 0
Event: 12.404 Thread 0x000001e4172d0980 DEOPT PACKING pc=0x000001e40019e677 sp=0x00000070a72fd1d0
Event: 12.404 Thread 0x000001e4172d0980 DEOPT UNPACKING pc=0x000001e407587124 sp=0x00000070a72fc5f0 mode 0
Event: 12.613 Thread 0x000001e4172d0980 DEOPT PACKING pc=0x000001e400165242 sp=0x00000070a72fcca0
Event: 12.613 Thread 0x000001e4172d0980 DEOPT UNPACKING pc=0x000001e407587124 sp=0x00000070a72fc130 mode 0
Event: 12.701 Thread 0x000001e4172d0980 DEOPT PACKING pc=0x000001e4002818a0 sp=0x00000070a72fbf20
Event: 12.701 Thread 0x000001e4172d0980 DEOPT UNPACKING pc=0x000001e407587124 sp=0x00000070a72fb300 mode 0

Classes unloaded (0 events):
No events

Classes redefined (0 events):
No events

Internal exceptions (20 events):
Event: 0.714 Thread 0x000001e47701b570 Exception <a 'java/lang/ClassNotFoundException'{0x00000000c65798e8}: ToggleButton> (0x00000000c65798e8) 
thrown [s\src\hotspot\share\classfile\systemDictionary.cpp, line 256]
Event: 0.715 Thread 0x000001e47701b570 Exception <a 'java/lang/ClassNotFoundException'{0x00000000c6579d28}: javax/swing/JToolBarSeparator> (0x00000000c6579d28) 
thrown [s\src\hotspot\share\classfile\systemDictionary.cpp, line 256]
Event: 0.715 Thread 0x000001e47701b570 Exception <a 'java/lang/ClassNotFoundException'{0x00000000c657a030}: ToolBarSeparator> (0x00000000c657a030) 
thrown [s\src\hotspot\share\classfile\systemDictionary.cpp, line 256]
Event: 0.715 Thread 0x000001e47701b570 Exception <a 'java/lang/ClassNotFoundException'{0x00000000c657a548}: ToolTip> (0x00000000c657a548) 
thrown [s\src\hotspot\share\classfile\systemDictionary.cpp, line 256]
Event: 0.718 Thread 0x000001e47701b570 Exception <a 'java/lang/ClassNotFoundException'{0x00000000c657ae98}: Tree> (0x00000000c657ae98) 
thrown [s\src\hotspot\share\classfile\systemDictionary.cpp, line 256]
Event: 0.718 Thread 0x000001e47701b570 Exception <a 'java/lang/ClassNotFoundException'{0x00000000c657b390}: Tree> (0x00000000c657b390) 
thrown [s\src\hotspot\share\classfile\systemDictionary.cpp, line 256]
Event: 0.718 Thread 0x000001e47701b570 Exception <a 'java/lang/ClassNotFoundException'{0x00000000c657b700}: javax/swing/JTreeCell> (0x00000000c657b700) 
thrown [s\src\hotspot\share\classfile\systemDictionary.cpp, line 256]
Event: 0.718 Thread 0x000001e47701b570 Exception <a 'java/lang/ClassNotFoundException'{0x00000000c657ba00}: TreeCell> (0x00000000c657ba00) 
thrown [s\src\hotspot\share\classfile\systemDictionary.cpp, line 256]
Event: 0.719 Thread 0x000001e47701b570 Exception <a 'java/lang/ClassNotFoundException'{0x00000000c657c1c0}: RootPane> (0x00000000c657c1c0) 
thrown [s\src\hotspot\share\classfile\systemDictionary.cpp, line 256]
Event: 0.722 Thread 0x000001e47701b570 Exception <a 'java/lang/ClassNotFoundException'{0x00000000c657f010}: com/sun/swing/internal/plaf/metal/resources/spi/metalProvider> (0x00000000c657f010) 
thrown [s\src\hotspot\share\classfile\systemDictionary.cpp, line 256]
Event: 0.724 Thread 0x000001e47701b570 Exception <a 'java/lang/ClassNotFoundException'{0x00000000c6583790}: com/sun/swing/internal/plaf/basic/resources/spi/basicProvider> (0x00000000c6583790) 
thrown [s\src\hotspot\share\classfile\systemDictionary.cpp, line 256]
Event: 0.763 Thread 0x000001e4172d0980 Exception <a 'java/lang/ClassNotFoundException'{0x00000000c6457a40}: com/sun/swing/internal/plaf/synth/resources/spi/synthProvider> (0x00000000c6457a40) 
thrown [s\src\hotspot\share\classfile\systemDictionary.cpp, line 256]
Event: 0.838 Thread 0x000001e4172d0980 Implicit null exception at 0x000001e407aef70f to 0x000001e407aef789
Event: 0.920 Thread 0x000001e4172959e0 Exception <a 'java/lang/NoSuchMethodError'{0x00000000c67d7848}: 'void java.lang.invoke.DirectMethodHandle$Holder.invokeVirtual(java.lang.Object, java.lang.Object)'> (0x00000000c67d7848) 
thrown [s\src\hotspot\share\interpreter\linkResolver.cpp, line 759]
Event: 0.953 Thread 0x000001e4172d0980 Exception <a 'java/lang/NoSuchMethodError'{0x00000000c634abe8}: 'void java.lang.invoke.DirectMethodHandle$Holder.invokeStaticInit(java.lang.Object)'> (0x00000000c634abe8) 
thrown [s\src\hotspot\share\interpreter\linkResolver.cpp, line 759]
Event: 10.129 Thread 0x000001e4172d0980 Implicit null exception at 0x000001e407b351d5 to 0x000001e407b35735
Event: 10.130 Thread 0x000001e4172d0980 Implicit null exception at 0x000001e407b351d5 to 0x000001e407b35735
Event: 10.130 Thread 0x000001e4172d0980 Implicit null exception at 0x000001e407b2e3af to 0x000001e407b2eb41
Event: 10.130 Thread 0x000001e4172d0980 Implicit null exception at 0x000001e407b351d5 to 0x000001e407b35735
Event: 10.130 Thread 0x000001e4172d0980 Implicit null exception at 0x000001e407b2e3af to 0x000001e407b2eb41

VM Operations (20 events):
Event: 4.291 Executing VM operation: Cleanup
Event: 4.291 Executing VM operation: Cleanup done
Event: 5.300 Executing VM operation: Cleanup
Event: 5.300 Executing VM operation: Cleanup done
Event: 6.304 Executing VM operation: Cleanup
Event: 6.304 Executing VM operation: Cleanup done
Event: 7.307 Executing VM operation: Cleanup
Event: 7.307 Executing VM operation: Cleanup done
Event: 8.310 Executing VM operation: Cleanup
Event: 8.310 Executing VM operation: Cleanup done
Event: 9.315 Executing VM operation: Cleanup
Event: 9.315 Executing VM operation: Cleanup done
Event: 10.325 Executing VM operation: Cleanup
Event: 10.325 Executing VM operation: Cleanup done
Event: 11.333 Executing VM operation: Cleanup
Event: 11.333 Executing VM operation: Cleanup done
Event: 12.339 Executing VM operation: Cleanup
Event: 12.339 Executing VM operation: Cleanup done
Event: 12.506 Executing VM operation: G1CollectForAllocation
Event: 12.514 Executing VM operation: G1CollectForAllocation done

Events (20 events):
Event: 2.959 loading class javax/swing/event/DocumentEvent$ElementChange
Event: 2.959 loading class javax/swing/event/DocumentEvent$ElementChange done
Event: 2.960 loading class javax/swing/text/AbstractDocument$UndoRedoDocumentEvent
Event: 2.960 loading class javax/swing/text/AbstractDocument$UndoRedoDocumentEvent done
Event: 2.960 loading class javax/swing/text/DefaultCaret$1
Event: 2.961 loading class javax/swing/text/DefaultCaret$1 done
Event: 2.961 loading class javax/swing/event/UndoableEditEvent
Event: 2.961 loading class javax/swing/event/UndoableEditEvent done
Event: 2.961 loading class javax/swing/text/AbstractDocument$DefaultDocumentEventUndoableWrapper
Event: 2.961 loading class sun/swing/text/UndoableEditLockSupport
Event: 2.961 loading class sun/swing/text/UndoableEditLockSupport done
Event: 2.961 loading class javax/swing/text/AbstractDocument$DefaultDocumentEventUndoableWrapper done
Event: 2.961 loading class javax/swing/event/UndoableEditListener
Event: 2.962 loading class javax/swing/event/UndoableEditListener done
Event: 5.612 loading class javax/swing/text/GapContent$RemoveUndo
Event: 5.613 loading class javax/swing/text/GapContent$RemoveUndo done
Event: 5.613 loading class javax/swing/text/GapContent$UndoPosRef
Event: 5.613 loading class javax/swing/text/GapContent$UndoPosRef done
Event: 12.719 loading class java/awt/LightweightDispatcher$2
Event: 12.719 loading class java/awt/LightweightDispatcher$2 done


Dynamic libraries:
0x00007ff742260000 - 0x00007ff74226d000 	C:\Program Files\BellSoft\LibericaJDK-17\bin\java.exe
0x00007ffeb6f90000 - 0x00007ffeb7188000 	C:\WINDOWS\SYSTEM32\ntdll.dll
0x00007ffeb5060000 - 0x00007ffeb511d000 	C:\WINDOWS\System32\KERNEL32.DLL
0x00007ffeb47c0000 - 0x00007ffeb4ab6000 	C:\WINDOWS\System32\KERNELBASE.dll
0x00007ffeb4cd0000 - 0x00007ffeb4dd0000 	C:\WINDOWS\System32\ucrtbase.dll
0x00007ffea0ba0000 - 0x00007ffea0bb5000 	C:\Program Files\BellSoft\LibericaJDK-17\bin\VCRUNTIME140.dll
0x00007ffeaea80000 - 0x00007ffeaea97000 	C:\Program Files\BellSoft\LibericaJDK-17\bin\jli.dll
0x00007ffeb56e0000 - 0x00007ffeb587f000 	C:\WINDOWS\System32\USER32.dll
0x00007ffeb4dd0000 - 0x00007ffeb4df2000 	C:\WINDOWS\System32\win32u.dll
0x00007ffeb5aa0000 - 0x00007ffeb5acb000 	C:\WINDOWS\System32\GDI32.dll
0x00007ffea1150000 - 0x00007ffea13ea000 	C:\WINDOWS\WinSxS\amd64_microsoft.windows.common-controls_6595b64144ccf1df_6.0.19041.4355_none_60b8b9eb71f62e16\COMCTL32.dll
0x00007ffeb46a0000 - 0x00007ffeb47b7000 	C:\WINDOWS\System32\gdi32full.dll
0x00007ffeb4af0000 - 0x00007ffeb4b8d000 	C:\WINDOWS\System32\msvcp_win.dll
0x00007ffeb6140000 - 0x00007ffeb61de000 	C:\WINDOWS\System32\msvcrt.dll
0x00007ffeb4fd0000 - 0x00007ffeb4fff000 	C:\WINDOWS\System32\IMM32.DLL
0x00007ffe859a0000 - 0x00007ffe85a3b000 	C:\Program Files\BellSoft\LibericaJDK-17\bin\msvcp140.dll
0x00007ffe5b820000 - 0x00007ffe5c442000 	C:\Program Files\BellSoft\LibericaJDK-17\bin\server\jvm.dll
0x00007ffeb6710000 - 0x00007ffeb67c0000 	C:\WINDOWS\System32\ADVAPI32.dll
0x00007ffeb6670000 - 0x00007ffeb6710000 	C:\WINDOWS\System32\sechost.dll
0x00007ffeb62c0000 - 0x00007ffeb63e3000 	C:\WINDOWS\System32\RPCRT4.dll
0x00007ffeb4ac0000 - 0x00007ffeb4ae7000 	C:\WINDOWS\System32\bcrypt.dll
0x00007ffeae9a0000 - 0x00007ffeae9a9000 	C:\WINDOWS\SYSTEM32\WSOCK32.dll
0x00007ffeb6000000 - 0x00007ffeb606b000 	C:\WINDOWS\System32\WS2_32.dll
0x00007ffe9afd0000 - 0x00007ffe9aff7000 	C:\WINDOWS\SYSTEM32\WINMM.dll
0x00007ffeaa350000 - 0x00007ffeaa35a000 	C:\WINDOWS\SYSTEM32\VERSION.dll
0x00007ffeb2e60000 - 0x00007ffeb2e72000 	C:\WINDOWS\SYSTEM32\kernel.appcore.dll
0x00007ffeae970000 - 0x00007ffeae97a000 	C:\Program Files\BellSoft\LibericaJDK-17\bin\jimage.dll
0x00007ffeb2b80000 - 0x00007ffeb2d64000 	C:\WINDOWS\SYSTEM32\DBGHELP.DLL
0x00007ffe89c10000 - 0x00007ffe89c44000 	C:\WINDOWS\SYSTEM32\dbgcore.DLL
0x00007ffeb4c40000 - 0x00007ffeb4cc2000 	C:\WINDOWS\System32\bcryptPrimitives.dll
0x00007ffe88600000 - 0x00007ffe88625000 	C:\Program Files\BellSoft\LibericaJDK-17\bin\java.dll
0x00007ffe86ed0000 - 0x00007ffe86fa6000 	C:\Program Files\BellSoft\LibericaJDK-17\bin\jsvml.dll
0x00007ffeb67c0000 - 0x00007ffeb6f2c000 	C:\WINDOWS\System32\SHELL32.dll
0x00007ffeb2310000 - 0x00007ffeb2aad000 	C:\WINDOWS\SYSTEM32\windows.storage.dll
0x00007ffeb5ad0000 - 0x00007ffeb5e23000 	C:\WINDOWS\System32\combase.dll
0x00007ffeb3fa0000 - 0x00007ffeb3fce000 	C:\WINDOWS\SYSTEM32\Wldp.dll
0x00007ffeb6070000 - 0x00007ffeb613d000 	C:\WINDOWS\System32\OLEAUT32.dll
0x00007ffeb51c0000 - 0x00007ffeb526d000 	C:\WINDOWS\System32\SHCORE.dll
0x00007ffeb5a30000 - 0x00007ffeb5a85000 	C:\WINDOWS\System32\shlwapi.dll
0x00007ffeb4580000 - 0x00007ffeb45a4000 	C:\WINDOWS\SYSTEM32\profapi.dll
0x00007ffe89290000 - 0x00007ffe892a9000 	C:\Program Files\BellSoft\LibericaJDK-17\bin\net.dll
0x00007ffea1a30000 - 0x00007ffea1b3a000 	C:\WINDOWS\SYSTEM32\WINHTTP.dll
0x00007ffeb3d00000 - 0x00007ffeb3d6a000 	C:\WINDOWS\system32\mswsock.dll
0x00007ffe88f00000 - 0x00007ffe88f15000 	C:\Program Files\BellSoft\LibericaJDK-17\bin\nio.dll
0x00007ffe87fb0000 - 0x00007ffe87fc8000 	C:\Program Files\BellSoft\LibericaJDK-17\bin\zip.dll
0x00007ffe85a40000 - 0x00007ffe85be9000 	C:\Program Files\BellSoft\LibericaJDK-17\bin\awt.dll
0x00007ffeb06d0000 - 0x00007ffeb0760000 	C:\WINDOWS\SYSTEM32\apphelp.dll
0x00007ffeb1740000 - 0x00007ffeb17de000 	C:\WINDOWS\system32\uxtheme.dll
0x00007ffeb5ee0000 - 0x00007ffeb5ff4000 	C:\WINDOWS\System32\MSCTF.dll
0x00007ffeb6400000 - 0x00007ffeb652b000 	C:\WINDOWS\System32\ole32.dll
0x00007ffeb1b10000 - 0x00007ffeb1b3f000 	C:\WINDOWS\system32\DWMAPI.DLL
0x00007ffe85910000 - 0x00007ffe85993000 	C:\Program Files\BellSoft\LibericaJDK-17\bin\freetype.dll
0x00007ffe77810000 - 0x00007ffe778d2000 	C:\Program Files\BellSoft\LibericaJDK-17\bin\fontmanager.dll
0x00007ffe94fd0000 - 0x00007ffe950f5000 	C:\WINDOWS\system32\opengl32.dll
0x00007ffe9b060000 - 0x00007ffe9b08c000 	C:\WINDOWS\SYSTEM32\GLU32.dll
0x00007ffeb5e30000 - 0x00007ffeb5ed9000 	C:\WINDOWS\System32\clbcatq.dll
0x00007ffeb0c30000 - 0x00007ffeb0de4000 	C:\WINDOWS\SYSTEM32\WindowsCodecs.dll
0x00007ffe7ee40000 - 0x00007ffe7ee7e000 	C:\WINDOWS\system32\dataexchange.dll
0x00007ffeaf360000 - 0x00007ffeaf5c3000 	C:\WINDOWS\system32\d3d11.dll
0x00007ffeafba0000 - 0x00007ffeafd85000 	C:\WINDOWS\system32\dcomp.dll
0x00007ffeb2ed0000 - 0x00007ffeb2fc2000 	C:\WINDOWS\system32\dxgi.dll
0x00007ffead200000 - 0x00007ffead403000 	C:\WINDOWS\system32\twinapi.appcore.dll
0x00007ffea9090000 - 0x00007ffea9189000 	C:\WINDOWS\SYSTEM32\textinputframework.dll
0x00007ffeafd90000 - 0x00007ffeb00eb000 	C:\WINDOWS\System32\CoreUIComponents.dll
0x00007ffeb0470000 - 0x00007ffeb0562000 	C:\WINDOWS\System32\CoreMessaging.dll
0x00007ffeb3740000 - 0x00007ffeb3773000 	C:\WINDOWS\SYSTEM32\ntmarta.dll
0x00007ffeaeda0000 - 0x00007ffeaeef7000 	C:\WINDOWS\SYSTEM32\wintypes.dll

dbghelp: loaded successfully - version: 4.0.5 - missing functions: none
symbol engine: initialized successfully - sym options: 0x614 - pdb path: .;C:\Program Files\BellSoft\LibericaJDK-17\bin;C:\WINDOWS\SYSTEM32;C:\WINDOWS\WinSxS\amd64_microsoft.windows.common-controls_6595b64144ccf1df_6.0.19041.4355_none_60b8b9eb71f62e16;C:\Program Files\BellSoft\LibericaJDK-17\bin\server

VM Arguments:
jvm_args: -Dfile.encoding=UTF-8 --module-path=C:\Users\MINEDUCYT\Desktop\Mio\apps\VersusTournament\build\classes 
java_command: ventanas.Inicio
java_class_path (initial): C:\Users\MINEDUCYT\Desktop\Mio\apps\MusicNotes\dist\lib\AbsoluteLayout.jar;C:\Users\MINEDUCYT\Desktop\Mio\apps\VersusTournament\build\classes
Launcher Type: SUN_STANDARD

[Global flags]
     intx CICompilerCount                          = 3                                         {product} {ergonomic}
     uint ConcGCThreads                            = 1                                         {product} {ergonomic}
     uint G1ConcRefinementThreads                  = 4                                         {product} {ergonomic}
   size_t G1HeapRegionSize                         = 1048576                                   {product} {ergonomic}
    uintx GCDrainStackTargetSize                   = 64                                        {product} {ergonomic}
   size_t InitialHeapSize                          = 65011712                                  {product} {ergonomic}
   size_t MarkStackSize                            = 4194304                                   {product} {ergonomic}
   size_t MaxHeapSize                              = 1027604480                                {product} {ergonomic}
   size_t MaxNewSize                               = 616562688                                 {product} {ergonomic}
   size_t MinHeapDeltaBytes                        = 1048576                                   {product} {ergonomic}
   size_t MinHeapSize                              = 8388608                                   {product} {ergonomic}
    uintx NonNMethodCodeHeapSize                   = 5832780                                {pd product} {ergonomic}
    uintx NonProfiledCodeHeapSize                  = 122912730                              {pd product} {ergonomic}
    uintx ProfiledCodeHeapSize                     = 122912730                              {pd product} {ergonomic}
    uintx ReservedCodeCacheSize                    = 251658240                              {pd product} {ergonomic}
     bool SegmentedCodeCache                       = true                                      {product} {ergonomic}
   size_t SoftMaxHeapSize                          = 1027604480                             {manageable} {ergonomic}
     bool UseCompressedClassPointers               = true                           {product lp64_product} {ergonomic}
     bool UseCompressedOops                        = true                           {product lp64_product} {ergonomic}
     bool UseG1GC                                  = true                                      {product} {ergonomic}
     bool UseLargePagesIndividualAllocation        = false                                  {pd product} {ergonomic}

Logging:
Log output configuration:
 #0: stdout all=warning uptime,level,tags
 #1: stderr all=off uptime,level,tags

Environment Variables:
JAVA_HOME=C:\Program Files\BellSoft\LibericaJDK-17\
PATH=C:\Ruby32-x64\bin;C:\Program Files\BellSoft\LibericaJDK-17\bin\;C:\Program Files\Common Files\Oracle\Java\javapath;C:\Program Files (x86)\Common Files\Oracle\Java\javapath;"C:\Users\MINEDUCYT\AppData\Roaming\java\bin;";C:\WINDOWS\system32;C:\WINDOWS;C:\WINDOWS\System32\Wbem;C:\WINDOWS\System32\WindowsPowerShell\v1.0\;C:\WINDOWS\System32\OpenSSH\;C:\Program Files\Microsoft SQL Server\130\Tools\Binn\;C:\Program Files\Microsoft SQL Server\Client SDK\ODBC\170\Tools\Binn\;C:\Program Files (x86)\Microsoft SQL Server\150\Tools\Binn\;C:\Program Files\Microsoft SQL Server\150\Tools\Binn\;C:\Program Files\Microsoft SQL Server\150\DTS\Binn\;C:\Program Files (x86)\Microsoft SQL Server\150\DTS\Binn\;C:\Program Files\Azure Data Studio\bin;C:\Program Files\dotnet\;C:\Program Files\nodejs\;C:\Program Files\Git\cmd;C:\Program Files (x86)\Lua\5.1;C:\Program Files (x86)\Lua\5.1\clibs;C:\RailsInstaller\Git\cmd;C:\RailsInstaller\Ruby2.2.0\bin;C:\Users\MINEDUCYT\AppData\Local\Microsoft\WindowsApps;C:\Users\MINEDUCYT\AppData\Local\Programs\Microsoft VS Code\bin;C:\Program Files\Azure Data Studio\bin;C:\Users\MINEDUCYT\.dotnet\tools;C:\Users\MINEDUCYT\AppData\Roaming\npm;C:\xampp\php
USERNAME=MINEDUCYT
OS=Windows_NT
PROCESSOR_IDENTIFIER=Intel64 Family 6 Model 122 Stepping 8, GenuineIntel
TMP=C:\Users\MINEDU~1\AppData\Local\Temp
TEMP=C:\Users\MINEDU~1\AppData\Local\Temp



---------------  S Y S T E M  ---------------

OS:
 Windows 10 , 64 bit Build 19041 (10.0.19041.3636)
OS uptime: 0 days 11:17 hours

CPU: total 4 (initial active 4) (4 cores per cpu, 1 threads per core) family 6 model 122 stepping 8 microcode 0x16, cx8, cmov, fxsr, mmx, 3dnowpref, sse, sse2, sse3, ssse3, sse4.1, sse4.2, popcnt, tsc, tscinvbit, aes, erms, clmul, sha, clflush, clflushopt

Memory: 4k page, system-wide physical 3917M (383M free)
TotalPageFile size 9637M (AvailPageFile size 4M)
current process WorkingSet (physical memory assigned to process): 84M, peak: 85M
current process commit charge ("private bytes"): 160M, peak: 161M

vm_info: OpenJDK 64-Bit Server VM (17.0.7+7-LTS) for windows-amd64 JRE (17.0.7+7-LTS), built on Apr 18 2023 18:14:44 by "" with MS VC++ 15.9 (VS2017)

END.
